============================= test session starts ==============================
platform linux -- Python 3.14.6, pytest-9.1.1, pluggy-1.6.0
rootdir: /home/ryan/Team_42_DSS
configfile: pytest.ini
testpaths: Testing/backend
plugins: anyio-4.14.2, langsmith-0.10.10, Faker-40.36.0, mock-3.15.1, cov-7.1.0, asyncio-1.4.0
asyncio: mode=Mode.STRICT, debug=False, asyncio_default_fixture_loop_scope=None, asyncio_default_test_loop_scope=function
collected 39 items

Testing/backend/integration/test_constraints_routes.py ..                [  5%]
Testing/backend/integration/test_outcome_service.py .....                [ 17%]
Testing/backend/integration/test_strategy_routes.py .....                [ 30%]
Testing/backend/unit/test_citation_building.py ....                      [ 41%]
Testing/backend/unit/test_decision_service.py ................           [ 82%]
Testing/backend/unit/test_permissions.py .......                         [100%]

=============================== warnings summary ===============================
venv/lib/python3.14/site-packages/fastapi/testclient.py:1
  /home/ryan/Team_42_DSS/venv/lib/python3.14/site-packages/fastapi/testclient.py:1: StarletteDeprecationWarning: Using `httpx` with `starlette.testclient` is deprecated; install `httpx2` instead.
    from starlette.testclient import TestClient as TestClient  # noqa

-- Docs: https://docs.pytest.org/en/stable/how-to/capture-warnings.html
================================ tests coverage ================================
_______________ coverage: platform linux, python 3.14.6-final-0 ________________

Name                                        Stmts   Miss  Cover   Missing
-------------------------------------------------------------------------
app/ai/embedding_client.py                     19      7    63%   38-41, 49-51
app/ai/graph/__init__.py                        0      0   100%
app/ai/graph/chat_graph.py                      9      5    44%   19-25
app/ai/graph/chat_nodes.py                     11      8    27%   31-48
app/ai/graph/chat_state.py                      3      0   100%
app/ai/graph/graph.py                          17     11    35%   11-24
app/ai/graph/nodes.py                          70     26    63%   17-27, 116-132, 145-148, 189, 208-211, 228-233
app/ai/graph/state.py                           3      0   100%
app/ai/graph_classifier.py                     22     15    32%   142-147, 169-186
app/ai/llm_client.py                           19     12    37%   14-16, 20-31, 40-50, 59-70
app/ai/neo4j_client.py                         23      4    83%   20, 31-33
app/ai/reranker_client.py                      11      7    36%   16-18, 27-30
app/celery_app.py                               8      8     0%   1-25
app/core/access.py                              7      0   100%
app/core/config.py                              9      0   100%
app/core/dependencies.py                       33     20    39%   28-32, 48-72, 86-91
app/core/email_tokens.py                       26     18    31%   20-29, 42-55, 61-67, 78-88
app/core/jwt.py                                15      8    47%   21-30, 41-48
app/core/password.py                            6      2    67%   13, 23
app/core/permissions.py                        19      0   100%
app/core/refresh_tokens.py                     33     22    33%   11, 15-26, 31-41, 45-49, 54-55
app/core/storage.py                            14      5    64%   16-21, 29-33, 40
app/core/validators.py                          7      3    57%   8-10
app/database.py                                 9      0   100%
app/main.py                                    24      1    96%   56
app/models/__init__.py                         14      0   100%
app/models/base.py                              3      0   100%
app/models/chat.py                             33      0   100%
app/models/decision.py                         25      0   100%
app/models/department.py                       12      0   100%
app/models/document.py                         20      0   100%
app/models/document_page.py                    13      0   100%
app/models/embedding.py                        30      0   100%
app/models/enums.py                            34      0   100%
app/models/junction.py                         15      0   100%
app/models/outcome.py                          16      0   100%
app/models/refresh_token.py                    11      0   100%
app/models/strategy.py                         20      0   100%
app/models/user.py                             21      0   100%
app/repositories/base.py                       20      4    80%   23, 28, 37-38
app/repositories/chat_repository.py            56     38    32%   18, 25-29, 32, 41, 51-54, 57-58, 65-67, 80-89, 99-108, 116, 137-151, 154
app/repositories/constraint_repository.py      37     19    49%   28, 42, 82-87, 103-109, 124-132, 143-152, 166, 170-172
app/repositories/decision_repository.py        82     43    48%   40, 59, 78, 99, 115, 118, 125-130, 135-138, 149-162, 220, 222, 224, 226, 228, 255-263, 269-275, 285-293, 299-305, 317
app/repositories/document_repository.py        50     27    46%   25, 41, 62-69, 86, 104-106, 117, 120-122, 148-156, 168, 177-180, 191-199, 202, 209, 221-226
app/repositories/embedding_repository.py       43     16    63%   24, 46, 50, 52, 61, 83-96, 142, 164, 172-180
app/repositories/outcome_repository.py         62     39    37%   27, 44, 65-72, 85, 102, 115-127, 134-154, 165-172, 218-227, 238, 245-247
app/repositories/strategy_repository.py        39     17    56%   28, 52, 113-119, 134-142, 153-162, 176, 180-182
app/repositories/user_repository.py            57     36    37%   17, 25, 37, 54, 73, 87-89, 98-99, 105-113, 139-146, 158-159, 167-168, 181-186, 194-195, 201-202, 212-215, 227
app/routers/admin.py                           54     34    37%   24-25, 40-41, 60-74, 88-101, 118-133, 148-163
app/routers/auth.py                            81     51    37%   34-42, 59-87, 99-124, 136-139, 158, 169-174, 183-185, 201-203, 214-222
app/routers/chat_router.py                     35     16    54%   22, 35, 45, 54-58, 71-74, 84-92
app/routers/constraints.py                     81     48    41%   39-40, 65-66, 90-95, 115-120, 141-146, 167-183, 203-223, 239-248
app/routers/dashboard.py                       13      3    77%   24-28
app/routers/decision.py                        55     32    42%   38-47, 75-77, 100-107, 128-140, 160-175, 201-206
app/routers/department.py                      42     23    45%   24, 36-37, 49-55, 69-84, 95-104
app/routers/document.py                        78     54    31%   35-66, 91-101, 124-125, 148-159, 177-189, 208-220
app/routers/outcome.py                         89     63    29%   39-55, 81-94, 120-141, 161-162, 186-200, 223-240, 263-278
app/routers/strategy.py                        81     40    51%   45-46, 71-73, 93-98, 123-128, 151-160, 187-188, 195-198, 226-227, 255-275
app/schemas/auth.py                            16      1    94%   18
app/schemas/chat.py                            17      0   100%
app/schemas/citation.py                        17      0   100%
app/schemas/constraint.py                      34     10    71%   52-60, 89-100
app/schemas/dashboard.py                        7      0   100%
app/schemas/decision.py                        43      0   100%
app/schemas/department.py                      16      0   100%
app/schemas/documents.py                       34      7    79%   46-58
app/schemas/outcome.py                         46     12    74%   49-59, 99-109
app/schemas/strategy.py                        17      0   100%
app/schemas/user.py                            26      1    96%   42
app/services/auth_services.py                  76     53    30%   37-38, 49-68, 81-92, 105, 117-133, 139-147, 155-158, 166-169, 175-184
app/services/chat_service.py                   88     61    31%   33-35, 42, 45-50, 53, 56-60, 74-75, 88-105, 114-150, 169-202, 225-248, 250
app/services/constraint_service.py             47     25    47%   43-50, 64-69, 80, 110-120, 135-146, 161-167, 183-186, 203
app/services/dashboard_service.py              29     20    31%   17-19, 23-70
app/services/decision_service.py               81     22    73%   79, 95-103, 121-148, 223, 250
app/services/document_service.py               67     43    36%   29-30, 46-70, 83-106, 114-115, 127-134, 148-153, 165, 182-188, 204, 226-231, 251, 271
app/services/email_service.py                  28     13    54%   26-35, 42-43, 59-60
app/services/embedding_service.py              83     50    40%   36-53, 91-100, 114-127, 152-163, 183-212, 219, 230-261, 268
app/services/graph_query_service.py            44     30    32%   35-37, 40-58, 72-103, 107
app/services/graph_retrieval_service.py        18      8    56%   21, 34, 47, 63, 79, 92-103, 107
app/services/graph_sync_service.py             42     18    57%   31-65, 81, 100, 110, 119, 129-143, 153, 163, 176-186, 200, 210, 219, 229, 239
app/services/outcome_service.py                55     23    58%   51, 83-88, 101, 118-124, 138, 151, 171-189, 200-202, 217
app/services/strategy_service.py               54     26    52%   51, 77-82, 93, 123-148, 163-174, 189-195, 211-214, 231
app/services/user_service.py                   15      7    53%   13-14, 27-40
app/tasks/__init__.py                           2      2     0%   1-3
app/tasks/document_tasks.py                    51     51     0%   1-84
-------------------------------------------------------------------------
TOTAL                                        2792   1268    55%
Coverage HTML written to dir htmlcov
================== 39 passed, 1 warning in 171.80s (0:02:51) ===================
