
[1m[30m[46m RUN [49m[39m[22m [36mv4.1.10 [39m[90m/home/ryan/Team_42_DSS/frontend[39m
      [2mCoverage enabled with [22m[33mv8[39m

 [32m✓[39m src/services/decisionService.test.ts [2m([22m[2m6 tests[22m[2m)[22m[32m 17[2mms[22m[39m

[2m Test Files [22m [1m[32m1 passed[39m[22m[90m (1)[39m
[2m      Tests [22m [1m[32m6 passed[39m[22m[90m (6)[39m
[2m   Start at [22m 21:22:22
[2m   Duration [22m 1.32s[2m (transform 94ms, setup 146ms, import 117ms, tests 17ms, environment 644ms)[22m

[34m % [39m[2mCoverage report from [22m[33mv8[39m
-------------------|---------|----------|---------|---------|-------------------
File               | % Stmts | % Branch | % Funcs | % Lines | Uncovered Line #s 
-------------------|---------|----------|---------|---------|-------------------
All files          |   81.81 |      100 |   84.61 |   80.95 |                   
 ...sionService.ts |   81.81 |      100 |   84.61 |   80.95 | 104-127           
-------------------|---------|----------|---------|---------|-------------------

=============================== Coverage summary ===============================
Statements   : 81.81% ( 18/22 )
Branches     : 100% ( 15/15 )
Functions    : 84.61% ( 11/13 )
Lines        : 80.95% ( 17/21 )
================================================================================
